<?xml version="1.0" encoding="UTF-8"?>
<!-- Generated by org.testng.reporters.JUnitXMLReporter -->
<testsuite hostname="DESKTOP-NMBHKP8" ignored="0" name="Default test(failed)" tests="1" failures="0" timestamp="07 Mar 2018 09:48:45 GMT" time="0.078" errors="0">
  <testcase name="@BeforeSuite Sample" time="0.094" classname="sample.maven.SampleMavTest">
    <failure type="java.lang.IllegalStateException" message="The driver executable does not exist: F:\Repperio eclipse\maven\chromedriver.exe">
      <![CDATA[java.lang.IllegalStateException: The driver executable does not exist: F:\Repperio eclipse\maven\chromedriver.exe
at com.google.common.base.Preconditions.checkState(Preconditions.java:585)
at org.openqa.selenium.remote.service.DriverService.checkExecutable(DriverService.java:136)
at org.openqa.selenium.remote.service.DriverService.findExecutable(DriverService.java:131)
at org.openqa.selenium.chrome.ChromeDriverService.access$000(ChromeDriverService.java:32)
at org.openqa.selenium.chrome.ChromeDriverService$Builder.findDefaultExecutable(ChromeDriverService.java:137)
at org.openqa.selenium.remote.service.DriverService$Builder.build(DriverService.java:339)
at org.openqa.selenium.chrome.ChromeDriverService.createDefaultService(ChromeDriverService.java:88)
at org.openqa.selenium.chrome.ChromeDriver.<init>(ChromeDriver.java:123)
at sample.maven.SampleMavTest.Sample(SampleMavTest.java:26)
... Removed 20 stack frames]]>
    </failure>
  </testcase> <!-- @BeforeSuite Sample -->
  <testcase name="@BeforeTest Sample" time="0.0" classname="sample.maven.SampleMavTest">
    <skipped/>
  </testcase> <!-- @BeforeTest Sample -->
  <testcase name="@AfterTest Sample" time="0.0" classname="sample.maven.SampleMavTest">
    <skipped/>
  </testcase> <!-- @AfterTest Sample -->
  <testcase name="Sample" time="0.0" classname="sample.maven.SampleMavTest">
    <skipped/>
  </testcase> <!-- Sample -->
</testsuite> <!-- Default test(failed) -->
